2021-05-24 21:17:14,952:INFO:PyCaret Supervised Module
2021-05-24 21:17:14,953:INFO:ML Usecase: clustering
2021-05-24 21:17:14,953:INFO:version 2.3.1
2021-05-24 21:17:14,953:INFO:Initializing setup()
2021-05-24 21:17:14,953:INFO:setup(target=None, ml_usecase=clustering, available_plots={'cluster': 'Cluster PCA Plot (2d)', 'tsne': 'Cluster TSnE (3d)', 'elbow': 'Elbow', 'silhouette': 'Silhouette', 'distance': 'Distance', 'distribution': 'Distribution'}, train_size=0.7, test_data=None, preprocess=True, imputation_type=simple, iterative_imputation_iters=5, categorical_features=None, categorical_imputation=mode, categorical_iterative_imputer=lightgbm, ordinal_features=None, high_cardinality_features=None, high_cardinality_method=frequency, numeric_features=None, numeric_imputation=mean, numeric_iterative_imputer=lightgbm, date_features=None, ignore_features=['MouseID'], normalize=True, normalize_method=zscore, transformation=False, transformation_method=yeo-johnson, handle_unknown_categorical=True, unknown_categorical_method=least_frequent, pca=False, pca_method=linear, pca_components=None, ignore_low_variance=False, combine_rare_levels=False, rare_level_threshold=0.1, bin_numeric_features=None, remove_outliers=False, outliers_threshold=0.05, remove_multicollinearity=False, multicollinearity_threshold=0.9, remove_perfect_collinearity=False, create_clusters=False, cluster_iter=20, polynomial_features=False, polynomial_degree=2, trigonometry_features=False, polynomial_threshold=0.1, group_features=None, group_names=None, feature_selection=False, feature_selection_threshold=0.8, feature_selection_method=classic, feature_interaction=False, feature_ratio=False, interaction_threshold=0.01, fix_imbalance=False, fix_imbalance_method=None, transform_target=False, transform_target_method=box-cox, data_split_shuffle=False, data_split_stratify=False, fold_strategy=kfold, fold=10, fold_shuffle=False, fold_groups=None, n_jobs=-1, use_gpu=False, custom_pipeline=None, html=True, session_id=123, log_experiment=False, experiment_name=None, log_plots=False, log_profile=False, log_data=False, silent=False, verbose=True, profile=False, profile_kwargs=None, display=None)
2021-05-24 21:17:14,954:INFO:Checking environment
2021-05-24 21:17:14,954:INFO:python_version: 3.8.10
2021-05-24 21:17:14,954:INFO:python_build: ('default', 'May 19 2021 13:12:57')
2021-05-24 21:17:14,954:INFO:machine: AMD64
2021-05-24 21:17:14,966:INFO:platform: Windows-10-10.0.19042-SP0
2021-05-24 21:17:14,966:INFO:Memory: svmem(total=8445513728, available=3665567744, percent=56.6, used=4779945984, free=3665567744)
2021-05-24 21:17:14,967:INFO:Physical Core: 4
2021-05-24 21:17:14,967:INFO:Logical Core: 8
2021-05-24 21:17:14,967:INFO:Checking libraries
2021-05-24 21:17:14,967:INFO:pd==1.2.4
2021-05-24 21:17:14,967:INFO:numpy==1.19.5
2021-05-24 21:17:14,967:INFO:sklearn==0.23.2
2021-05-24 21:17:14,967:INFO:lightgbm==3.2.1
2021-05-24 21:17:14,968:WARNING:catboost not found
2021-05-24 21:17:14,969:WARNING:xgboost not found
2021-05-24 21:17:15,462:INFO:mlflow==1.17.0
2021-05-24 21:17:15,462:INFO:Checking Exceptions
2021-05-24 21:17:15,462:INFO:Declaring global variables
2021-05-24 21:17:15,462:INFO:USI: 3ab6
2021-05-24 21:17:15,462:INFO:pycaret_globals: {'seed', 'fix_imbalance_method_param', 'pycaret_globals', '_available_plots', 'fold_groups_param_full', 'master_model_container', 'fold_param', 'iterative_imputation_iters_param', 'data_before_preprocess', 'display_container', 'imputation_classifier', 'logging_param', 'fold_generator', '_internal_pipeline', 'transform_target_method_param', 'create_model_container', 'X', 'target_param', 'stratify_param', '_all_models_internal', '_all_metrics', '_ml_usecase', '_all_models', 'imputation_regressor', 'exp_name_log', 'html_param', 'prep_pipe', 'fix_imbalance_param', 'log_plots_param', '_gpu_n_jobs_param', 'fold_groups_param', 'n_jobs_param', 'fold_shuffle_param', 'gpu_param', 'transform_target_param', 'experiment__', 'USI'}
2021-05-24 21:17:15,462:INFO:Preparing display monitor
2021-05-24 21:17:15,462:INFO:Preparing display monitor
2021-05-24 21:17:15,481:INFO:Importing libraries
2021-05-24 21:17:15,481:INFO:Copying data for preprocessing
2021-05-24 21:17:15,493:INFO:Declaring preprocessing parameters
2021-05-24 21:17:15,497:INFO:Creating preprocessing pipeline
2021-05-24 21:17:15,550:INFO:Preprocessing pipeline created successfully
2021-05-24 21:17:15,550:ERROR:(Process Exit): setup has been interupted with user command 'quit'. setup must rerun.
2021-05-24 21:17:15,551:INFO:Creating global containers
2021-05-24 21:17:15,555:INFO:Internal pipeline: Pipeline(memory=None, steps=[('empty_step', 'passthrough')], verbose=False)
2021-05-24 21:17:18,612:INFO:Creating grid variables
2021-05-24 21:17:18,632:INFO:create_model_container: 0
2021-05-24 21:17:18,633:INFO:master_model_container: 0
2021-05-24 21:17:18,633:INFO:display_container: 1
2021-05-24 21:17:18,640:INFO:Pipeline(memory=None,
         steps=[('dtypes',
                 DataTypes_Auto_infer(categorical_features=[],
                                      display_types=True,
                                      features_todrop=['MouseID'],
                                      id_columns=[], ml_usecase='regression',
                                      numerical_features=[],
                                      target='UNSUPERVISED_DUMMY_TARGET',
                                      time_features=[])),
                ('imputer',
                 Simple_Imputer(categorical_strategy='most frequent',
                                fill_value_categorical=None,
                                fill_value_numer...
                ('P_transform', 'passthrough'), ('binn', 'passthrough'),
                ('rem_outliers', 'passthrough'), ('cluster_all', 'passthrough'),
                ('dummy', Dummify(target='UNSUPERVISED_DUMMY_TARGET')),
                ('fix_perfect', 'passthrough'),
                ('clean_names', Clean_Colum_Names()),
                ('feature_select', 'passthrough'), ('fix_multi', 'passthrough'),
                ('dfs', 'passthrough'), ('pca', 'passthrough')],
         verbose=False)
2021-05-24 21:17:18,640:INFO:setup() succesfully completed......................................
2021-05-24 21:18:09,376:INFO:gpu_param set to False
2021-05-24 21:18:51,400:INFO:Initializing create_model()
2021-05-24 21:18:51,400:INFO:create_model(estimator=kmeans, num_clusters=4, fraction=0.05, ground_truth=None, round=4, fit_kwargs=None, verbose=True, system=True, raise_num_clusters=False, display=None, kwargs={})
2021-05-24 21:18:51,400:INFO:Checking exceptions
2021-05-24 21:18:51,401:INFO:Preparing display monitor
2021-05-24 21:18:51,432:INFO:Importing libraries
2021-05-24 21:18:51,445:INFO:Importing untrained model
2021-05-24 21:18:51,457:INFO:K-Means Clustering Imported succesfully
2021-05-24 21:18:51,475:INFO:Fitting Model
2021-05-24 21:18:51,802:INFO:KMeans(algorithm='auto', copy_x=True, init='k-means++', max_iter=300,
       n_clusters=4, n_init=10, n_jobs=-1, precompute_distances='deprecated',
       random_state=123, tol=0.0001, verbose=0)
2021-05-24 21:18:51,802:INFO:create_models() succesfully completed......................................
2021-05-24 21:18:51,802:INFO:Uploading results into container
2021-05-24 21:18:51,807:INFO:Uploading model into container now
2021-05-24 21:18:51,813:INFO:create_model_container: 1
2021-05-24 21:18:51,814:INFO:master_model_container: 1
2021-05-24 21:18:51,814:INFO:display_container: 2
2021-05-24 21:18:51,815:INFO:KMeans(algorithm='auto', copy_x=True, init='k-means++', max_iter=300,
       n_clusters=4, n_init=10, n_jobs=-1, precompute_distances='deprecated',
       random_state=123, tol=0.0001, verbose=0)
2021-05-24 21:18:51,816:INFO:create_model() succesfully completed......................................
2021-05-24 21:19:05,400:INFO:Initializing create_model()
2021-05-24 21:19:05,400:INFO:create_model(estimator=kmodes, num_clusters=6, fraction=0.05, ground_truth=None, round=4, fit_kwargs=None, verbose=True, system=True, raise_num_clusters=False, display=None, kwargs={})
2021-05-24 21:19:05,400:INFO:Checking exceptions
2021-05-24 21:19:05,401:INFO:Preparing display monitor
2021-05-24 21:19:05,428:INFO:Importing libraries
2021-05-24 21:19:05,437:INFO:Importing untrained model
2021-05-24 21:19:05,448:INFO:K-Modes Clustering Imported succesfully
2021-05-24 21:19:05,464:INFO:Fitting Model
2021-05-24 21:19:07,890:INFO:KModes(cat_dissim=<function matching_dissim at 0x00000213FF8CA790>, init='Cao',
       max_iter=100, n_clusters=6, n_init=1, n_jobs=-1, random_state=123,
       verbose=0)
2021-05-24 21:19:07,890:INFO:create_models() succesfully completed......................................
2021-05-24 21:19:07,891:INFO:Uploading results into container
2021-05-24 21:19:07,894:INFO:Uploading model into container now
2021-05-24 21:19:07,901:INFO:create_model_container: 2
2021-05-24 21:19:07,901:INFO:master_model_container: 2
2021-05-24 21:19:07,902:INFO:display_container: 3
2021-05-24 21:19:07,902:INFO:KModes(cat_dissim=<function matching_dissim at 0x00000213FF8CA790>, init='Cao',
       max_iter=100, n_clusters=6, n_init=1, n_jobs=-1, random_state=123,
       verbose=0)
2021-05-24 21:19:07,902:INFO:create_model() succesfully completed......................................
2021-05-24 21:20:12,172:INFO:Initializing assign_model()
2021-05-24 21:20:12,173:INFO:assign_model(model=KMeans(algorithm='auto', copy_x=True, init='k-means++', max_iter=300,
       n_clusters=4, n_init=10, n_jobs=-1, precompute_distances='deprecated',
       random_state=123, tol=0.0001, verbose=0), transformation=False, score=True, verbose=True)
2021-05-24 21:20:12,173:INFO:Checking exceptions
2021-05-24 21:20:12,173:INFO:Determining Trained Model
2021-05-24 21:20:12,173:INFO:Trained Model : K-Means Clustering
2021-05-24 21:20:12,173:INFO:Copying data
2021-05-24 21:20:12,176:INFO:(1026, 83)
2021-05-24 21:20:12,176:INFO:assign_model() succesfully completed......................................
2021-05-24 21:20:58,035:INFO:Initializing plot_model()
2021-05-24 21:20:58,036:INFO:plot_model(plot=cluster, fold=None, use_train_data=False, verbose=True, is_in_evaluate=False, display=None, display_format=None, estimator=KMeans(algorithm='auto', copy_x=True, init='k-means++', max_iter=300,
       n_clusters=4, n_init=10, n_jobs=-1, precompute_distances='deprecated',
       random_state=123, tol=0.0001, verbose=0), feature_name=None, fit_kwargs=None, groups=None, label=False, save=False, scale=1, system=True)
2021-05-24 21:20:58,037:INFO:Checking exceptions
2021-05-24 21:20:58,037:INFO:Preparing display monitor
2021-05-24 21:20:58,046:INFO:Preloading libraries
2021-05-24 21:20:58,049:INFO:Copying training dataset
2021-05-24 21:20:58,049:INFO:Plot type: cluster
2021-05-24 21:20:58,124:INFO:SubProcess assign_model() called ==================================
2021-05-24 21:20:58,125:INFO:Initializing assign_model()
2021-05-24 21:20:58,125:INFO:assign_model(model=Pipeline(memory=None,
         steps=[('empty_step', 'passthrough'),
                ('actual_estimator',
                 KMeans(algorithm='auto', copy_x=True, init='k-means++',
                        max_iter=300, n_clusters=4, n_init=10, n_jobs=-1,
                        precompute_distances='deprecated', random_state=123,
                        tol=0.0001, verbose=0))],
         verbose=False), transformation=True, score=True, verbose=False)
2021-05-24 21:20:58,125:INFO:Checking exceptions
2021-05-24 21:20:58,125:INFO:Determining Trained Model
2021-05-24 21:20:58,125:INFO:Trained Model : K-Means Clustering
2021-05-24 21:20:58,125:INFO:Copying data
2021-05-24 21:20:58,126:INFO:Transformation param set to True. Assigned clusters are attached on transformed dataset.
2021-05-24 21:20:58,127:INFO:(1026, 92)
2021-05-24 21:20:58,127:INFO:assign_model() succesfully completed......................................
2021-05-24 21:20:58,127:INFO:SubProcess assign_model() end ==================================
2021-05-24 21:20:58,130:INFO:Fitting PCA()
2021-05-24 21:20:58,184:INFO:Sorting dataframe
2021-05-24 21:20:58,189:INFO:Rendering Visual
2021-05-24 21:21:00,156:INFO:Visual Rendered Successfully
2021-05-24 21:21:00,266:INFO:plot_model() succesfully completed......................................
2021-05-24 21:21:30,984:INFO:Initializing plot_model()
2021-05-24 21:21:30,985:INFO:plot_model(plot=elbow, fold=None, use_train_data=False, verbose=True, is_in_evaluate=False, display=None, display_format=None, estimator=KMeans(algorithm='auto', copy_x=True, init='k-means++', max_iter=300,
       n_clusters=4, n_init=10, n_jobs=-1, precompute_distances='deprecated',
       random_state=123, tol=0.0001, verbose=0), feature_name=None, fit_kwargs=None, groups=None, label=False, save=False, scale=1, system=True)
2021-05-24 21:21:30,985:INFO:Checking exceptions
2021-05-24 21:21:30,985:INFO:Preparing display monitor
2021-05-24 21:21:30,996:INFO:Preloading libraries
2021-05-24 21:21:30,999:INFO:Copying training dataset
2021-05-24 21:21:30,999:INFO:Plot type: elbow
2021-05-24 21:21:31,134:INFO:Fitting Model
2021-05-24 21:21:34,095:INFO:Visual Rendered Successfully
2021-05-24 21:21:34,171:INFO:plot_model() succesfully completed......................................
2021-05-24 21:21:55,522:INFO:Initializing plot_model()
2021-05-24 21:21:55,523:INFO:plot_model(plot=elbow, fold=None, use_train_data=False, verbose=True, is_in_evaluate=False, display=None, display_format=None, estimator=KMeans(algorithm='auto', copy_x=True, init='k-means++', max_iter=300,
       n_clusters=4, n_init=10, n_jobs=-1, precompute_distances='deprecated',
       random_state=123, tol=0.0001, verbose=0), feature_name=None, fit_kwargs=None, groups=None, label=False, save=False, scale=1, system=True)
2021-05-24 21:21:55,523:INFO:Checking exceptions
2021-05-24 21:21:55,523:INFO:Preparing display monitor
2021-05-24 21:21:55,538:INFO:Preloading libraries
2021-05-24 21:21:55,539:INFO:Copying training dataset
2021-05-24 21:21:55,540:INFO:Plot type: elbow
2021-05-24 21:21:55,543:INFO:Fitting Model
2021-05-24 21:21:58,096:INFO:Visual Rendered Successfully
2021-05-24 21:21:58,168:INFO:plot_model() succesfully completed......................................
2021-05-24 21:23:09,954:INFO:Initializing plot_model()
2021-05-24 21:23:09,954:INFO:plot_model(plot=distribution, fold=None, use_train_data=False, verbose=True, is_in_evaluate=False, display=None, display_format=None, estimator=KMeans(algorithm='auto', copy_x=True, init='k-means++', max_iter=300,
       n_clusters=4, n_init=10, n_jobs=-1, precompute_distances='deprecated',
       random_state=123, tol=0.0001, verbose=0), feature_name=None, fit_kwargs=None, groups=None, label=False, save=False, scale=1, system=True)
2021-05-24 21:23:09,954:INFO:Checking exceptions
2021-05-24 21:23:09,955:INFO:Preparing display monitor
2021-05-24 21:23:09,965:INFO:Preloading libraries
2021-05-24 21:23:09,967:INFO:Copying training dataset
2021-05-24 21:23:09,968:INFO:Plot type: distribution
2021-05-24 21:23:09,969:INFO:SubProcess assign_model() called ==================================
2021-05-24 21:23:09,972:INFO:Initializing assign_model()
2021-05-24 21:23:09,972:INFO:assign_model(model=Pipeline(memory=None,
         steps=[('empty_step', 'passthrough'),
                ('actual_estimator',
                 KMeans(algorithm='auto', copy_x=True, init='k-means++',
                        max_iter=300, n_clusters=4, n_init=10, n_jobs=-1,
                        precompute_distances='deprecated', random_state=123,
                        tol=0.0001, verbose=0))],
         verbose=False), transformation=False, score=True, verbose=False)
2021-05-24 21:23:09,972:INFO:Checking exceptions
2021-05-24 21:23:09,972:INFO:Determining Trained Model
2021-05-24 21:23:09,974:INFO:Trained Model : K-Means Clustering
2021-05-24 21:23:09,974:INFO:Copying data
2021-05-24 21:23:09,974:INFO:(1026, 83)
2021-05-24 21:23:09,976:INFO:assign_model() succesfully completed......................................
2021-05-24 21:23:09,976:INFO:SubProcess assign_model() end ==================================
2021-05-24 21:23:09,976:INFO:Sorting dataframe
2021-05-24 21:23:09,984:INFO:Rendering Visual
2021-05-24 21:23:10,771:INFO:Visual Rendered Successfully
2021-05-24 21:23:10,843:INFO:plot_model() succesfully completed......................................
2021-05-24 21:24:01,435:INFO:Initializing predict_model()
2021-05-24 21:24:01,436:INFO:predict_model(estimator=KMeans(algorithm='auto', copy_x=True, init='k-means++', max_iter=300,
       n_clusters=4, n_init=10, n_jobs=-1, precompute_distances='deprecated',
       random_state=123, tol=0.0001, verbose=0), ml_usecase=MLUsecase.CLUSTERING)
